<?xml version="1.0" encoding="UTF-8"?>
<!-- Generated by org.testng.reporters.JUnitXMLReporter -->
<testsuite hostname="DESKTOP-E33V2U6" ignored="2" name="Surefire test" tests="5" failures="3" timestamp="2020-03-26T20:23:08 GMT" time="48.269" errors="0">
  <testcase name="guestUserShouldBeAbleToAddNewComment" time="11.241" classname="WebTest1.TestSuite">
    <failure type="java.lang.AssertionError" message="News comment is successfully added. expected [new comment is successfully added.] but found [News comment is successfully added.]">
      <![CDATA[java.lang.AssertionError: News comment is successfully added. expected [new comment is successfully added.] but found [News comment is successfully added.]
at WebTest1.Utils.assertTextMessage(Utils.java:62)
at WebTest1.NewsPage.verifysuccessmessageofcomment(NewsPage.java:34)
at WebTest1.TestSuite.guestUserShouldBeAbleToAddNewComment(TestSuite.java:53)
at java.util.ArrayList.forEach(ArrayList.java:1257)
... Removed 36 stack frames]]>
    </failure>
  </testcase> <!-- guestUserShouldBeAbleToAddNewComment -->
  <testcase name="nonRegisterUserShouldNotBeAbleToReferAProductToaFriend" time="7.561" classname="WebTest1.TestSuite"/>
  <testcase name="userShouldAbleToCompareTwoDifferentProductSuccessfully" time="8.784" classname="WebTest1.TestSuite">
    <failure type="java.lang.AssertionError" message="Compare products expected [compare products] but found [page not found]">
      <![CDATA[java.lang.AssertionError: Compare products expected [compare products] but found [page not found]
at WebTest1.Utils.assertTextMessage(Utils.java:62)
at WebTest1.ProductComparision.VerifyUserIsOnComparisionPage(ProductComparision.java:10)
at WebTest1.TestSuite.userShouldAbleToCompareTwoDifferentProductSuccessfully(TestSuite.java:31)
at java.util.ArrayList.forEach(ArrayList.java:1257)
... Removed 36 stack frames]]>
    </failure>
  </testcase> <!-- userShouldAbleToCompareTwoDifferentProductSuccessfully -->
  <testcase name="userShouldAbleToRegisterSuccessfully" time="5.909" classname="WebTest1.TestSuite">
    <failure type="java.lang.AssertionError" message="Your registration completed expected [Your registration completed] but found [Registration not successful....]">
      <![CDATA[java.lang.AssertionError: Your registration completed expected [Your registration completed] but found [Registration not successful....]
at WebTest1.Utils.assertTextMessage(Utils.java:62)
at WebTest1.RegistrationResultPage.verifyUserSeeRegistrationSuccessMessage(RegistrationResultPage.java:11)
at WebTest1.TestSuite.userShouldAbleToRegisterSuccessfully(TestSuite.java:23)
at java.util.ArrayList.forEach(ArrayList.java:1257)
... Removed 36 stack frames]]>
    </failure>
  </testcase> <!-- userShouldAbleToRegisterSuccessfully -->
  <testcase name="userShouldBeAbleToSortProductHighToLowByPrice" time="5.555" classname="WebTest1.TestSuite"/>
  <testcase name="@AfterTest closeBrowser" time="0.0" classname="WebTest1.BaseTest">
    <ignored/>
  </testcase> <!-- @AfterTest closeBrowser -->
  <testcase name="@BeforeTest openBrowser" time="0.0" classname="WebTest1.BaseTest">
    <ignored/>
  </testcase> <!-- @BeforeTest openBrowser -->
</testsuite> <!-- Surefire test -->
