<?xml version="1.0" encoding="UTF-8"?>
<testng-results skipped="0" failed="3" ignored="2" total="7" passed="2">
  <reporter-output>
  </reporter-output>
  <suite name="Surefire suite" duration-ms="48269" started-at="2020-03-26T20:22:20 GMT" finished-at="2020-03-26T20:23:08 GMT">
    <groups>
    </groups>
    <test name="Surefire test" duration-ms="48269" started-at="2020-03-26T20:22:20 GMT" finished-at="2020-03-26T20:23:08 GMT">
      <class name="WebTest1.BaseTest">
        <test-method status="PASS" signature="openBrowser()[pri:0, instance:WebTest1.BaseTest@56ef9176]" name="openBrowser" is-config="true" duration-ms="8959" started-at="2020-03-26T20:22:20 GMT" finished-at="2020-03-26T20:22:29 GMT">
          <reporter-output>
          </reporter-output>
        </test-method> <!-- openBrowser -->
        <test-method status="PASS" signature="closeBrowser()[pri:0, instance:WebTest1.BaseTest@56ef9176]" name="closeBrowser" is-config="true" duration-ms="202" started-at="2020-03-26T20:23:08 GMT" finished-at="2020-03-26T20:23:08 GMT">
          <reporter-output>
          </reporter-output>
        </test-method> <!-- closeBrowser -->
      </class> <!-- WebTest1.BaseTest -->
      <class name="WebTest1.TestSuite">
        <test-method status="FAIL" signature="guestUserShouldBeAbleToAddNewComment()[pri:0, instance:WebTest1.TestSuite@4566e5bd]" name="guestUserShouldBeAbleToAddNewComment" duration-ms="11241" started-at="2020-03-26T20:22:29 GMT" finished-at="2020-03-26T20:22:40 GMT">
          <exception class="java.lang.AssertionError">
            <message>
              <![CDATA[News comment is successfully added. expected [new comment is successfully added.] but found [News comment is successfully added.]]]>
            </message>
            <full-stacktrace>
              <![CDATA[java.lang.AssertionError: News comment is successfully added. expected [new comment is successfully added.] but found [News comment is successfully added.]
at org.testng.Assert.fail(Assert.java:97)
at org.testng.Assert.assertEqualsImpl(Assert.java:136)
at org.testng.Assert.assertEquals(Assert.java:118)
at org.testng.Assert.assertEquals(Assert.java:575)
at WebTest1.Utils.assertTextMessage(Utils.java:62)
at WebTest1.NewsPage.verifysuccessmessageofcomment(NewsPage.java:34)
at WebTest1.TestSuite.guestUserShouldBeAbleToAddNewComment(TestSuite.java:53)
at sun.reflect.NativeMethodAccessorImpl.invoke0(Native Method)
at sun.reflect.NativeMethodAccessorImpl.invoke(NativeMethodAccessorImpl.java:62)
at sun.reflect.DelegatingMethodAccessorImpl.invoke(DelegatingMethodAccessorImpl.java:43)
at java.lang.reflect.Method.invoke(Method.java:498)
at org.testng.internal.MethodInvocationHelper.invokeMethod(MethodInvocationHelper.java:134)
at org.testng.internal.TestInvoker.invokeMethod(TestInvoker.java:597)
at org.testng.internal.TestInvoker.invokeTestMethod(TestInvoker.java:173)
at org.testng.internal.MethodRunner.runInSequence(MethodRunner.java:46)
at org.testng.internal.TestInvoker$MethodInvocationAgent.invoke(TestInvoker.java:816)
at org.testng.internal.TestInvoker.invokeTestMethods(TestInvoker.java:146)
at org.testng.internal.TestMethodWorker.invokeTestMethods(TestMethodWorker.java:146)
at org.testng.internal.TestMethodWorker.run(TestMethodWorker.java:128)
at java.util.ArrayList.forEach(ArrayList.java:1257)
at org.testng.TestRunner.privateRun(TestRunner.java:766)
at org.testng.TestRunner.run(TestRunner.java:587)
at org.testng.SuiteRunner.runTest(SuiteRunner.java:384)
at org.testng.SuiteRunner.runSequentially(SuiteRunner.java:378)
at org.testng.SuiteRunner.privateRun(SuiteRunner.java:337)
at org.testng.SuiteRunner.run(SuiteRunner.java:286)
at org.testng.SuiteRunnerWorker.runSuite(SuiteRunnerWorker.java:53)
at org.testng.SuiteRunnerWorker.run(SuiteRunnerWorker.java:96)
at org.testng.TestNG.runSuitesSequentially(TestNG.java:1187)
at org.testng.TestNG.runSuitesLocally(TestNG.java:1109)
at org.testng.TestNG.runSuites(TestNG.java:1039)
at org.testng.TestNG.run(TestNG.java:1007)
at org.apache.maven.surefire.testng.TestNGExecutor.run(TestNGExecutor.java:135)
at org.apache.maven.surefire.testng.TestNGDirectoryTestSuite.executeMulti(TestNGDirectoryTestSuite.java:193)
at org.apache.maven.surefire.testng.TestNGDirectoryTestSuite.execute(TestNGDirectoryTestSuite.java:94)
at org.apache.maven.surefire.testng.TestNGProvider.invoke(TestNGProvider.java:146)
at org.apache.maven.surefire.booter.ForkedBooter.invokeProviderInSameClassLoader(ForkedBooter.java:384)
at org.apache.maven.surefire.booter.ForkedBooter.runSuitesInProcess(ForkedBooter.java:345)
at org.apache.maven.surefire.booter.ForkedBooter.execute(ForkedBooter.java:126)
at org.apache.maven.surefire.booter.ForkedBooter.main(ForkedBooter.java:418)
]]>
            </full-stacktrace>
          </exception> <!-- java.lang.AssertionError -->
          <reporter-output>
          </reporter-output>
        </test-method> <!-- guestUserShouldBeAbleToAddNewComment -->
        <test-method status="PASS" signature="nonRegisterUserShouldNotBeAbleToReferAProductToaFriend()[pri:0, instance:WebTest1.TestSuite@4566e5bd]" name="nonRegisterUserShouldNotBeAbleToReferAProductToaFriend" duration-ms="7561" started-at="2020-03-26T20:22:40 GMT" finished-at="2020-03-26T20:22:48 GMT">
          <reporter-output>
          </reporter-output>
        </test-method> <!-- nonRegisterUserShouldNotBeAbleToReferAProductToaFriend -->
        <test-method status="FAIL" signature="userShouldAbleToCompareTwoDifferentProductSuccessfully()[pri:0, instance:WebTest1.TestSuite@4566e5bd]" name="userShouldAbleToCompareTwoDifferentProductSuccessfully" duration-ms="8784" started-at="2020-03-26T20:22:48 GMT" finished-at="2020-03-26T20:22:57 GMT">
          <exception class="java.lang.AssertionError">
            <message>
              <![CDATA[Compare products expected [compare products] but found [page not found]]]>
            </message>
            <full-stacktrace>
              <![CDATA[java.lang.AssertionError: Compare products expected [compare products] but found [page not found]
at org.testng.Assert.fail(Assert.java:97)
at org.testng.Assert.assertEqualsImpl(Assert.java:136)
at org.testng.Assert.assertEquals(Assert.java:118)
at org.testng.Assert.assertEquals(Assert.java:575)
at WebTest1.Utils.assertTextMessage(Utils.java:62)
at WebTest1.ProductComparision.VerifyUserIsOnComparisionPage(ProductComparision.java:10)
at WebTest1.TestSuite.userShouldAbleToCompareTwoDifferentProductSuccessfully(TestSuite.java:31)
at sun.reflect.NativeMethodAccessorImpl.invoke0(Native Method)
at sun.reflect.NativeMethodAccessorImpl.invoke(NativeMethodAccessorImpl.java:62)
at sun.reflect.DelegatingMethodAccessorImpl.invoke(DelegatingMethodAccessorImpl.java:43)
at java.lang.reflect.Method.invoke(Method.java:498)
at org.testng.internal.MethodInvocationHelper.invokeMethod(MethodInvocationHelper.java:134)
at org.testng.internal.TestInvoker.invokeMethod(TestInvoker.java:597)
at org.testng.internal.TestInvoker.invokeTestMethod(TestInvoker.java:173)
at org.testng.internal.MethodRunner.runInSequence(MethodRunner.java:46)
at org.testng.internal.TestInvoker$MethodInvocationAgent.invoke(TestInvoker.java:816)
at org.testng.internal.TestInvoker.invokeTestMethods(TestInvoker.java:146)
at org.testng.internal.TestMethodWorker.invokeTestMethods(TestMethodWorker.java:146)
at org.testng.internal.TestMethodWorker.run(TestMethodWorker.java:128)
at java.util.ArrayList.forEach(ArrayList.java:1257)
at org.testng.TestRunner.privateRun(TestRunner.java:766)
at org.testng.TestRunner.run(TestRunner.java:587)
at org.testng.SuiteRunner.runTest(SuiteRunner.java:384)
at org.testng.SuiteRunner.runSequentially(SuiteRunner.java:378)
at org.testng.SuiteRunner.privateRun(SuiteRunner.java:337)
at org.testng.SuiteRunner.run(SuiteRunner.java:286)
at org.testng.SuiteRunnerWorker.runSuite(SuiteRunnerWorker.java:53)
at org.testng.SuiteRunnerWorker.run(SuiteRunnerWorker.java:96)
at org.testng.TestNG.runSuitesSequentially(TestNG.java:1187)
at org.testng.TestNG.runSuitesLocally(TestNG.java:1109)
at org.testng.TestNG.runSuites(TestNG.java:1039)
at org.testng.TestNG.run(TestNG.java:1007)
at org.apache.maven.surefire.testng.TestNGExecutor.run(TestNGExecutor.java:135)
at org.apache.maven.surefire.testng.TestNGDirectoryTestSuite.executeMulti(TestNGDirectoryTestSuite.java:193)
at org.apache.maven.surefire.testng.TestNGDirectoryTestSuite.execute(TestNGDirectoryTestSuite.java:94)
at org.apache.maven.surefire.testng.TestNGProvider.invoke(TestNGProvider.java:146)
at org.apache.maven.surefire.booter.ForkedBooter.invokeProviderInSameClassLoader(ForkedBooter.java:384)
at org.apache.maven.surefire.booter.ForkedBooter.runSuitesInProcess(ForkedBooter.java:345)
at org.apache.maven.surefire.booter.ForkedBooter.execute(ForkedBooter.java:126)
at org.apache.maven.surefire.booter.ForkedBooter.main(ForkedBooter.java:418)
]]>
            </full-stacktrace>
          </exception> <!-- java.lang.AssertionError -->
          <reporter-output>
          </reporter-output>
        </test-method> <!-- userShouldAbleToCompareTwoDifferentProductSuccessfully -->
        <test-method status="FAIL" signature="userShouldAbleToRegisterSuccessfully()[pri:0, instance:WebTest1.TestSuite@4566e5bd]" name="userShouldAbleToRegisterSuccessfully" duration-ms="5909" started-at="2020-03-26T20:22:57 GMT" finished-at="2020-03-26T20:23:03 GMT">
          <exception class="java.lang.AssertionError">
            <message>
              <![CDATA[Your registration completed expected [Your registration completed] but found [Registration not successful....]]]>
            </message>
            <full-stacktrace>
              <![CDATA[java.lang.AssertionError: Your registration completed expected [Your registration completed] but found [Registration not successful....]
at org.testng.Assert.fail(Assert.java:97)
at org.testng.Assert.assertEqualsImpl(Assert.java:136)
at org.testng.Assert.assertEquals(Assert.java:118)
at org.testng.Assert.assertEquals(Assert.java:575)
at WebTest1.Utils.assertTextMessage(Utils.java:62)
at WebTest1.RegistrationResultPage.verifyUserSeeRegistrationSuccessMessage(RegistrationResultPage.java:11)
at WebTest1.TestSuite.userShouldAbleToRegisterSuccessfully(TestSuite.java:23)
at sun.reflect.NativeMethodAccessorImpl.invoke0(Native Method)
at sun.reflect.NativeMethodAccessorImpl.invoke(NativeMethodAccessorImpl.java:62)
at sun.reflect.DelegatingMethodAccessorImpl.invoke(DelegatingMethodAccessorImpl.java:43)
at java.lang.reflect.Method.invoke(Method.java:498)
at org.testng.internal.MethodInvocationHelper.invokeMethod(MethodInvocationHelper.java:134)
at org.testng.internal.TestInvoker.invokeMethod(TestInvoker.java:597)
at org.testng.internal.TestInvoker.invokeTestMethod(TestInvoker.java:173)
at org.testng.internal.MethodRunner.runInSequence(MethodRunner.java:46)
at org.testng.internal.TestInvoker$MethodInvocationAgent.invoke(TestInvoker.java:816)
at org.testng.internal.TestInvoker.invokeTestMethods(TestInvoker.java:146)
at org.testng.internal.TestMethodWorker.invokeTestMethods(TestMethodWorker.java:146)
at org.testng.internal.TestMethodWorker.run(TestMethodWorker.java:128)
at java.util.ArrayList.forEach(ArrayList.java:1257)
at org.testng.TestRunner.privateRun(TestRunner.java:766)
at org.testng.TestRunner.run(TestRunner.java:587)
at org.testng.SuiteRunner.runTest(SuiteRunner.java:384)
at org.testng.SuiteRunner.runSequentially(SuiteRunner.java:378)
at org.testng.SuiteRunner.privateRun(SuiteRunner.java:337)
at org.testng.SuiteRunner.run(SuiteRunner.java:286)
at org.testng.SuiteRunnerWorker.runSuite(SuiteRunnerWorker.java:53)
at org.testng.SuiteRunnerWorker.run(SuiteRunnerWorker.java:96)
at org.testng.TestNG.runSuitesSequentially(TestNG.java:1187)
at org.testng.TestNG.runSuitesLocally(TestNG.java:1109)
at org.testng.TestNG.runSuites(TestNG.java:1039)
at org.testng.TestNG.run(TestNG.java:1007)
at org.apache.maven.surefire.testng.TestNGExecutor.run(TestNGExecutor.java:135)
at org.apache.maven.surefire.testng.TestNGDirectoryTestSuite.executeMulti(TestNGDirectoryTestSuite.java:193)
at org.apache.maven.surefire.testng.TestNGDirectoryTestSuite.execute(TestNGDirectoryTestSuite.java:94)
at org.apache.maven.surefire.testng.TestNGProvider.invoke(TestNGProvider.java:146)
at org.apache.maven.surefire.booter.ForkedBooter.invokeProviderInSameClassLoader(ForkedBooter.java:384)
at org.apache.maven.surefire.booter.ForkedBooter.runSuitesInProcess(ForkedBooter.java:345)
at org.apache.maven.surefire.booter.ForkedBooter.execute(ForkedBooter.java:126)
at org.apache.maven.surefire.booter.ForkedBooter.main(ForkedBooter.java:418)
]]>
            </full-stacktrace>
          </exception> <!-- java.lang.AssertionError -->
          <reporter-output>
          </reporter-output>
        </test-method> <!-- userShouldAbleToRegisterSuccessfully -->
        <test-method status="PASS" signature="userShouldBeAbleToSortProductHighToLowByPrice()[pri:0, instance:WebTest1.TestSuite@4566e5bd]" name="userShouldBeAbleToSortProductHighToLowByPrice" duration-ms="5555" started-at="2020-03-26T20:23:03 GMT" finished-at="2020-03-26T20:23:08 GMT">
          <reporter-output>
          </reporter-output>
        </test-method> <!-- userShouldBeAbleToSortProductHighToLowByPrice -->
      </class> <!-- WebTest1.TestSuite -->
    </test> <!-- Surefire test -->
  </suite> <!-- Surefire suite -->
</testng-results>
